<?xml version="1.0" encoding="UTF-8"?>
<!-- Generated by org.testng.reporters.JUnitReportReporter -->
<testsuite skipped="0" hostname="LAPTOP-B1C1OUCB" name="FlugaOnline.Online" tests="1" failures="0" timestamp="2019-12-24T19:23:19 CST" time="123.325" errors="0">
  <testcase name="Order" time="123.325" classname="FlugaOnline.Online"/>
</testsuite> <!-- FlugaOnline.Online -->
